<?xml version="1.0" encoding="UTF-8"?>
<testng-results ignored="0" total="1" passed="1" failed="0" skipped="0">
  <reporter-output>
  </reporter-output>
  <suite started-at="2022-12-13T08:38:28 IST" name="Default suite" finished-at="2022-12-13T08:40:19 IST" duration-ms="110225">
    <groups>
      <group name="cucumber">
        <method signature="AbstractTestNGCucumberTests.runScenario(io.cucumber.testng.PickleWrapper,io.cucumber.testng.FeatureWrapper)[pri:0, instance:Runner.TestNGclass@428640fa]" name="runScenario" class="io.cucumber.testng.AbstractTestNGCucumberTests"/>
      </group> <!-- cucumber -->
    </groups>
    <test started-at="2022-12-13T08:38:28 IST" name="Default test" finished-at="2022-12-13T08:40:19 IST" duration-ms="110225">
      <class name="Runner.TestNGclass">
        <test-method is-config="true" signature="setUpClass(org.testng.ITestContext)[pri:0, instance:Runner.TestNGclass@428640fa]" started-at="2022-12-13T08:38:28 IST" name="setUpClass" finished-at="2022-12-13T08:38:30 IST" duration-ms="1135" status="PASS">
          <params>
            <param index="0">
              <value>
                <![CDATA[org.testng.TestRunner@66273da0]]>
              </value>
            </param>
          </params>
          <reporter-output>
          </reporter-output>
        </test-method> <!-- setUpClass -->
        <test-method signature="runScenario(io.cucumber.testng.PickleWrapper,io.cucumber.testng.FeatureWrapper)[pri:0, instance:Runner.TestNGclass@428640fa]" started-at="2022-12-13T08:38:30 IST" name="runScenario" description="Runs Cucumber Scenarios" data-provider="scenarios" finished-at="2022-12-13T08:40:17 IST" duration-ms="107160" status="PASS">
          <params>
            <param index="0">
              <value>
                <![CDATA["Flipkart Login Page"]]>
              </value>
            </param>
            <param index="1">
              <value>
                <![CDATA["Login Page"]]>
              </value>
            </param>
          </params>
          <reporter-output>
          </reporter-output>
        </test-method> <!-- runScenario -->
        <test-method is-config="true" signature="tearDownClass()[pri:0, instance:Runner.TestNGclass@428640fa]" started-at="2022-12-13T08:40:17 IST" name="tearDownClass" finished-at="2022-12-13T08:40:19 IST" duration-ms="1749" status="PASS">
          <reporter-output>
          </reporter-output>
        </test-method> <!-- tearDownClass -->
      </class> <!-- Runner.TestNGclass -->
    </test> <!-- Default test -->
  </suite> <!-- Default suite -->
</testng-results>
